This file contains any messages produced by compilers while
running configure, to aid debugging if configure makes a mistake.

It was created by DPP-PHA_ControlSoftware configure 1.2.3, which was
generated by GNU Autoconf 2.65.  Invocation command line was

  $ ./configure 

## --------- ##
## Platform. ##
## --------- ##

hostname = NUC-XRF-2
uname -m = x86_64
uname -r = 4.17.6-200.fc28.x86_64
uname -s = Linux
uname -v = #1 SMP Wed Jul 11 20:29:01 UTC 2018

/usr/bin/uname -p = x86_64
/bin/uname -X     = unknown

/bin/arch              = x86_64
/usr/bin/arch -k       = unknown
/usr/convex/getsysinfo = unknown
/usr/bin/hostinfo      = unknown
/bin/machine           = unknown
/usr/bin/oslevel       = unknown
/bin/universe          = unknown

PATH: /usr/share/Modules/bin
PATH: /usr/local/bin
PATH: /usr/local/sbin
PATH: /usr/bin
PATH: /usr/sbin
PATH: /home/frao/.local/bin
PATH: /home/frao/bin


## ----------- ##
## Core tests. ##
## ----------- ##

configure:2269: checking for a BSD-compatible install
configure:2337: result: /usr/bin/install -c
configure:2348: checking whether build environment is sane
configure:2398: result: yes
configure:2539: checking for a thread-safe mkdir -p
configure:2578: result: /usr/bin/mkdir -p
configure:2591: checking for gawk
configure:2607: found /usr/bin/gawk
configure:2618: result: gawk
configure:2629: checking whether make sets $(MAKE)
configure:2651: result: yes
configure:2872: creating ./config.status

## ---------------------- ##
## Running config.status. ##
## ---------------------- ##

This file was extended by DPP-PHA_ControlSoftware config.status 1.2.3, which was
generated by GNU Autoconf 2.65.  Invocation command line was

  CONFIG_FILES    = 
  CONFIG_HEADERS  = 
  CONFIG_LINKS    = 
  CONFIG_COMMANDS = 
  $ ./config.status 

on NUC-XRF-2

config.status:766: creating Makefile
config.status:766: creating src/Makefile
config.status:766: creating GUI/Makefile
configure:3940: checking for gcc
configure:3956: found /usr/bin/gcc
configure:3967: result: gcc
configure:4196: checking for C compiler version
configure:4205: gcc --version >&5
gcc (GCC) 8.1.1 20180502 (Red Hat 8.1.1-1)
Copyright (C) 2018 Free Software Foundation, Inc.
This is free software; see the source for copying conditions.  There is NO
warranty; not even for MERCHANTABILITY or FITNESS FOR A PARTICULAR PURPOSE.

configure:4216: $? = 0
configure:4205: gcc -v >&5
Using built-in specs.
COLLECT_GCC=gcc
COLLECT_LTO_WRAPPER=/usr/libexec/gcc/x86_64-redhat-linux/8/lto-wrapper
OFFLOAD_TARGET_NAMES=nvptx-none
OFFLOAD_TARGET_DEFAULT=1
Target: x86_64-redhat-linux
Configured with: ../configure --enable-bootstrap --enable-languages=c,c++,fortran,objc,obj-c++,ada,go,lto --prefix=/usr --mandir=/usr/share/man --infodir=/usr/share/info --with-bugurl=http://bugzilla.redhat.com/bugzilla --enable-shared --enable-threads=posix --enable-checking=release --enable-multilib --with-system-zlib --enable-__cxa_atexit --disable-libunwind-exceptions --enable-gnu-unique-object --enable-linker-build-id --with-gcc-major-version-only --with-linker-hash-style=gnu --enable-plugin --enable-initfini-array --with-isl --enable-libmpx --enable-offload-targets=nvptx-none --without-cuda-driver --enable-gnu-indirect-function --enable-cet --with-tune=generic --with-arch_32=i686 --build=x86_64-redhat-linux
Thread model: posix
gcc version 8.1.1 20180502 (Red Hat 8.1.1-1) (GCC) 
configure:4216: $? = 0
configure:4205: gcc -V >&5
gcc: error: unrecognized command line option '-V'
gcc: fatal error: no input files
compilation terminated.
configure:4216: $? = 1
configure:4205: gcc -qversion >&5
gcc: error: unrecognized command line option '-qversion'; did you mean '--version'?
gcc: fatal error: no input files
compilation terminated.
configure:4216: $? = 1
configure:4236: checking whether the C compiler works
configure:4258: gcc    conftest.c  >&5
configure:4262: $? = 0
configure:4311: result: yes
configure:4314: checking for C compiler default output file name
configure:4316: result: a.out
configure:4322: checking for suffix of executables
configure:4329: gcc -o conftest    conftest.c  >&5
configure:4333: $? = 0
configure:4355: result: 
configure:4377: checking whether we are cross compiling
configure:4385: gcc -o conftest    conftest.c  >&5
configure:4389: $? = 0
configure:4396: ./conftest
configure:4400: $? = 0
configure:4415: result: no
configure:4420: checking for suffix of object files
configure:4442: gcc -c   conftest.c >&5
configure:4446: $? = 0
configure:4467: result: o
configure:4471: checking whether we are using the GNU C compiler
configure:4490: gcc -c   conftest.c >&5
configure:4490: $? = 0
configure:4499: result: yes
configure:4508: checking whether gcc accepts -g
configure:4528: gcc -c -g  conftest.c >&5
configure:4528: $? = 0
configure:4569: result: yes
configure:4586: checking for gcc option to accept ISO C89
configure:4650: gcc  -c -g -O2  conftest.c >&5
configure:4650: $? = 0
configure:4663: result: none needed
configure:4694: checking for style of include used by make
configure:4722: result: GNU
configure:4747: checking dependency style of gcc
configure:4857: result: gcc3
configure:4882: checking how to run the C preprocessor
configure:4913: gcc -E  conftest.c
configure:4913: $? = 0
configure:4927: gcc -E  conftest.c
conftest.c:11:10: fatal error: ac_nonexistent.h: No such file or directory
 #include <ac_nonexistent.h>
          ^~~~~~~~~~~~~~~~~~
compilation terminated.
configure:4927: $? = 1
configure: failed program was:
| /* confdefs.h */
| #define PACKAGE_NAME "DPP-PHA_ControlSoftware"
| #define PACKAGE_TARNAME "dpp-pha_controlsoftware"
| #define PACKAGE_VERSION "1.2.3"
| #define PACKAGE_STRING "DPP-PHA_ControlSoftware 1.2.3"
| #define PACKAGE_BUGREPORT ""
| #define PACKAGE_URL ""
| #define PACKAGE "DPP-PHA_ControlSoftware"
| #define VERSION "1.2.3"
| /* end confdefs.h.  */
| #include <ac_nonexistent.h>
configure:4952: result: gcc -E
configure:4972: gcc -E  conftest.c
configure:4972: $? = 0
configure:4986: gcc -E  conftest.c
conftest.c:11:10: fatal error: ac_nonexistent.h: No such file or directory
 #include <ac_nonexistent.h>
          ^~~~~~~~~~~~~~~~~~
compilation terminated.
configure:4986: $? = 1
configure: failed program was:
| /* confdefs.h */
| #define PACKAGE_NAME "DPP-PHA_ControlSoftware"
| #define PACKAGE_TARNAME "dpp-pha_controlsoftware"
| #define PACKAGE_VERSION "1.2.3"
| #define PACKAGE_STRING "DPP-PHA_ControlSoftware 1.2.3"
| #define PACKAGE_BUGREPORT ""
| #define PACKAGE_URL ""
| #define PACKAGE "DPP-PHA_ControlSoftware"
| #define VERSION "1.2.3"
| /* end confdefs.h.  */
| #include <ac_nonexistent.h>
configure:5015: checking for grep that handles long lines and -e
configure:5073: result: /usr/bin/grep
configure:5078: checking for egrep
configure:5140: result: /usr/bin/grep -E
configure:5145: checking for ANSI C header files
configure:5165: gcc -c -g -O2  conftest.c >&5
configure:5165: $? = 0
configure:5238: gcc -o conftest -g -O2   conftest.c  >&5
configure:5238: $? = 0
configure:5238: ./conftest
configure:5238: $? = 0
configure:5249: result: yes
configure:5262: checking for sys/types.h
configure:5262: gcc -c -g -O2  conftest.c >&5
configure:5262: $? = 0
configure:5262: result: yes
configure:5262: checking for sys/stat.h
configure:5262: gcc -c -g -O2  conftest.c >&5
configure:5262: $? = 0
configure:5262: result: yes
configure:5262: checking for stdlib.h
configure:5262: gcc -c -g -O2  conftest.c >&5
configure:5262: $? = 0
configure:5262: result: yes
configure:5262: checking for string.h
configure:5262: gcc -c -g -O2  conftest.c >&5
configure:5262: $? = 0
configure:5262: result: yes
configure:5262: checking for memory.h
configure:5262: gcc -c -g -O2  conftest.c >&5
configure:5262: $? = 0
configure:5262: result: yes
configure:5262: checking for strings.h
configure:5262: gcc -c -g -O2  conftest.c >&5
configure:5262: $? = 0
configure:5262: result: yes
configure:5262: checking for inttypes.h
configure:5262: gcc -c -g -O2  conftest.c >&5
configure:5262: $? = 0
configure:5262: result: yes
configure:5262: checking for stdint.h
configure:5262: gcc -c -g -O2  conftest.c >&5
configure:5262: $? = 0
configure:5262: result: yes
configure:5262: checking for unistd.h
configure:5262: gcc -c -g -O2  conftest.c >&5
configure:5262: $? = 0
configure:5262: result: yes
configure:5278: checking math.h usability
configure:5278: gcc -c -g -O2  conftest.c >&5
configure:5278: $? = 0
configure:5278: result: yes
configure:5278: checking math.h presence
configure:5278: gcc -E  conftest.c
configure:5278: $? = 0
configure:5278: result: yes
configure:5278: checking for math.h
configure:5278: result: yes
configure:5278: checking for stdint.h
configure:5278: result: yes
configure:5278: checking for stdlib.h
configure:5278: result: yes
configure:5278: checking for string.h
configure:5278: result: yes
configure:5278: checking sys/time.h usability
configure:5278: gcc -c -g -O2  conftest.c >&5
configure:5278: $? = 0
configure:5278: result: yes
configure:5278: checking sys/time.h presence
configure:5278: gcc -E  conftest.c
configure:5278: $? = 0
configure:5278: result: yes
configure:5278: checking for sys/time.h
configure:5278: result: yes
configure:5278: checking sys/timeb.h usability
configure:5278: gcc -c -g -O2  conftest.c >&5
configure:5278: $? = 0
configure:5278: result: yes
configure:5278: checking sys/timeb.h presence
configure:5278: gcc -E  conftest.c
configure:5278: $? = 0
configure:5278: result: yes
configure:5278: checking for sys/timeb.h
configure:5278: result: yes
configure:5278: checking termios.h usability
configure:5278: gcc -c -g -O2  conftest.c >&5
configure:5278: $? = 0
configure:5278: result: yes
configure:5278: checking termios.h presence
configure:5278: gcc -E  conftest.c
configure:5278: $? = 0
configure:5278: result: yes
configure:5278: checking for termios.h
configure:5278: result: yes
configure:5278: checking for unistd.h
configure:5278: result: yes
configure:5278: checking CAENDigitizer.h usability
configure:5278: gcc -c -g -O2  conftest.c >&5
configure:5278: $? = 0
configure:5278: result: yes
configure:5278: checking CAENDigitizer.h presence
configure:5278: gcc -E  conftest.c
configure:5278: $? = 0
configure:5278: result: yes
configure:5278: checking for CAENDigitizer.h
configure:5278: result: yes
configure:5291: checking for int16_t
configure:5291: gcc -c -g -O2  conftest.c >&5
configure:5291: $? = 0
configure:5291: gcc -c -g -O2  conftest.c >&5
conftest.c: In function 'main':
conftest.c:67:12: error: size of array 'test_array' is negative
 static int test_array [1 - 2 * !((int16_t) (((((int16_t) 1 << N) << N) - 1) * 2 + 1)
            ^~~~~~~~~~
configure:5291: $? = 1
configure: failed program was:
| /* confdefs.h */
| #define PACKAGE_NAME "DPP-PHA_ControlSoftware"
| #define PACKAGE_TARNAME "dpp-pha_controlsoftware"
| #define PACKAGE_VERSION "1.2.3"
| #define PACKAGE_STRING "DPP-PHA_ControlSoftware 1.2.3"
| #define PACKAGE_BUGREPORT ""
| #define PACKAGE_URL ""
| #define PACKAGE "DPP-PHA_ControlSoftware"
| #define VERSION "1.2.3"
| #define STDC_HEADERS 1
| #define HAVE_SYS_TYPES_H 1
| #define HAVE_SYS_STAT_H 1
| #define HAVE_STDLIB_H 1
| #define HAVE_STRING_H 1
| #define HAVE_MEMORY_H 1
| #define HAVE_STRINGS_H 1
| #define HAVE_INTTYPES_H 1
| #define HAVE_STDINT_H 1
| #define HAVE_UNISTD_H 1
| #define HAVE_MATH_H 1
| #define HAVE_STDINT_H 1
| #define HAVE_STDLIB_H 1
| #define HAVE_STRING_H 1
| #define HAVE_SYS_TIME_H 1
| #define HAVE_SYS_TIMEB_H 1
| #define HAVE_TERMIOS_H 1
| #define HAVE_UNISTD_H 1
| #define HAVE_CAENDIGITIZER_H 1
| /* end confdefs.h.  */
| #include <stdio.h>
| #ifdef HAVE_SYS_TYPES_H
| # include <sys/types.h>
| #endif
| #ifdef HAVE_SYS_STAT_H
| # include <sys/stat.h>
| #endif
| #ifdef STDC_HEADERS
| # include <stdlib.h>
| # include <stddef.h>
| #else
| # ifdef HAVE_STDLIB_H
| #  include <stdlib.h>
| # endif
| #endif
| #ifdef HAVE_STRING_H
| # if !defined STDC_HEADERS && defined HAVE_MEMORY_H
| #  include <memory.h>
| # endif
| # include <string.h>
| #endif
| #ifdef HAVE_STRINGS_H
| # include <strings.h>
| #endif
| #ifdef HAVE_INTTYPES_H
| # include <inttypes.h>
| #endif
| #ifdef HAVE_STDINT_H
| # include <stdint.h>
| #endif
| #ifdef HAVE_UNISTD_H
| # include <unistd.h>
| #endif
| 	        enum { N = 16 / 2 - 1 };
| int
| main ()
| {
| static int test_array [1 - 2 * !((int16_t) (((((int16_t) 1 << N) << N) - 1) * 2 + 1)
| 		 < (int16_t) (((((int16_t) 1 << N) << N) - 1) * 2 + 2))];
| test_array [0] = 0
| 
|   ;
|   return 0;
| }
configure:5291: result: yes
configure:5302: checking for int32_t
configure:5302: gcc -c -g -O2  conftest.c >&5
configure:5302: $? = 0
configure:5302: gcc -c -g -O2  conftest.c >&5
conftest.c: In function 'main':
conftest.c:68:53: warning: integer overflow in expression of type 'int' results in '-2147483648' [-Woverflow]
    < (int32_t) (((((int32_t) 1 << N) << N) - 1) * 2 + 2))];
                                                     ^
conftest.c:67:12: error: storage size of 'test_array' isn't constant
 static int test_array [1 - 2 * !((int32_t) (((((int32_t) 1 << N) << N) - 1) * 2 + 1)
            ^~~~~~~~~~
configure:5302: $? = 1
configure: failed program was:
| /* confdefs.h */
| #define PACKAGE_NAME "DPP-PHA_ControlSoftware"
| #define PACKAGE_TARNAME "dpp-pha_controlsoftware"
| #define PACKAGE_VERSION "1.2.3"
| #define PACKAGE_STRING "DPP-PHA_ControlSoftware 1.2.3"
| #define PACKAGE_BUGREPORT ""
| #define PACKAGE_URL ""
| #define PACKAGE "DPP-PHA_ControlSoftware"
| #define VERSION "1.2.3"
| #define STDC_HEADERS 1
| #define HAVE_SYS_TYPES_H 1
| #define HAVE_SYS_STAT_H 1
| #define HAVE_STDLIB_H 1
| #define HAVE_STRING_H 1
| #define HAVE_MEMORY_H 1
| #define HAVE_STRINGS_H 1
| #define HAVE_INTTYPES_H 1
| #define HAVE_STDINT_H 1
| #define HAVE_UNISTD_H 1
| #define HAVE_MATH_H 1
| #define HAVE_STDINT_H 1
| #define HAVE_STDLIB_H 1
| #define HAVE_STRING_H 1
| #define HAVE_SYS_TIME_H 1
| #define HAVE_SYS_TIMEB_H 1
| #define HAVE_TERMIOS_H 1
| #define HAVE_UNISTD_H 1
| #define HAVE_CAENDIGITIZER_H 1
| /* end confdefs.h.  */
| #include <stdio.h>
| #ifdef HAVE_SYS_TYPES_H
| # include <sys/types.h>
| #endif
| #ifdef HAVE_SYS_STAT_H
| # include <sys/stat.h>
| #endif
| #ifdef STDC_HEADERS
| # include <stdlib.h>
| # include <stddef.h>
| #else
| # ifdef HAVE_STDLIB_H
| #  include <stdlib.h>
| # endif
| #endif
| #ifdef HAVE_STRING_H
| # if !defined STDC_HEADERS && defined HAVE_MEMORY_H
| #  include <memory.h>
| # endif
| # include <string.h>
| #endif
| #ifdef HAVE_STRINGS_H
| # include <strings.h>
| #endif
| #ifdef HAVE_INTTYPES_H
| # include <inttypes.h>
| #endif
| #ifdef HAVE_STDINT_H
| # include <stdint.h>
| #endif
| #ifdef HAVE_UNISTD_H
| # include <unistd.h>
| #endif
| 	        enum { N = 32 / 2 - 1 };
| int
| main ()
| {
| static int test_array [1 - 2 * !((int32_t) (((((int32_t) 1 << N) << N) - 1) * 2 + 1)
| 		 < (int32_t) (((((int32_t) 1 << N) << N) - 1) * 2 + 2))];
| test_array [0] = 0
| 
|   ;
|   return 0;
| }
configure:5302: result: yes
configure:5313: checking for int8_t
configure:5313: gcc -c -g -O2  conftest.c >&5
configure:5313: $? = 0
configure:5313: gcc -c -g -O2  conftest.c >&5
conftest.c: In function 'main':
conftest.c:67:12: error: size of array 'test_array' is negative
 static int test_array [1 - 2 * !((int8_t) (((((int8_t) 1 << N) << N) - 1) * 2 + 1)
            ^~~~~~~~~~
configure:5313: $? = 1
configure: failed program was:
| /* confdefs.h */
| #define PACKAGE_NAME "DPP-PHA_ControlSoftware"
| #define PACKAGE_TARNAME "dpp-pha_controlsoftware"
| #define PACKAGE_VERSION "1.2.3"
| #define PACKAGE_STRING "DPP-PHA_ControlSoftware 1.2.3"
| #define PACKAGE_BUGREPORT ""
| #define PACKAGE_URL ""
| #define PACKAGE "DPP-PHA_ControlSoftware"
| #define VERSION "1.2.3"
| #define STDC_HEADERS 1
| #define HAVE_SYS_TYPES_H 1
| #define HAVE_SYS_STAT_H 1
| #define HAVE_STDLIB_H 1
| #define HAVE_STRING_H 1
| #define HAVE_MEMORY_H 1
| #define HAVE_STRINGS_H 1
| #define HAVE_INTTYPES_H 1
| #define HAVE_STDINT_H 1
| #define HAVE_UNISTD_H 1
| #define HAVE_MATH_H 1
| #define HAVE_STDINT_H 1
| #define HAVE_STDLIB_H 1
| #define HAVE_STRING_H 1
| #define HAVE_SYS_TIME_H 1
| #define HAVE_SYS_TIMEB_H 1
| #define HAVE_TERMIOS_H 1
| #define HAVE_UNISTD_H 1
| #define HAVE_CAENDIGITIZER_H 1
| /* end confdefs.h.  */
| #include <stdio.h>
| #ifdef HAVE_SYS_TYPES_H
| # include <sys/types.h>
| #endif
| #ifdef HAVE_SYS_STAT_H
| # include <sys/stat.h>
| #endif
| #ifdef STDC_HEADERS
| # include <stdlib.h>
| # include <stddef.h>
| #else
| # ifdef HAVE_STDLIB_H
| #  include <stdlib.h>
| # endif
| #endif
| #ifdef HAVE_STRING_H
| # if !defined STDC_HEADERS && defined HAVE_MEMORY_H
| #  include <memory.h>
| # endif
| # include <string.h>
| #endif
| #ifdef HAVE_STRINGS_H
| # include <strings.h>
| #endif
| #ifdef HAVE_INTTYPES_H
| # include <inttypes.h>
| #endif
| #ifdef HAVE_STDINT_H
| # include <stdint.h>
| #endif
| #ifdef HAVE_UNISTD_H
| # include <unistd.h>
| #endif
| 	        enum { N = 8 / 2 - 1 };
| int
| main ()
| {
| static int test_array [1 - 2 * !((int8_t) (((((int8_t) 1 << N) << N) - 1) * 2 + 1)
| 		 < (int8_t) (((((int8_t) 1 << N) << N) - 1) * 2 + 2))];
| test_array [0] = 0
| 
|   ;
|   return 0;
| }
configure:5313: result: yes
configure:5324: checking for uint16_t
configure:5324: gcc -c -g -O2  conftest.c >&5
configure:5324: $? = 0
configure:5324: result: yes
configure:5336: checking for uint32_t
configure:5336: gcc -c -g -O2  conftest.c >&5
configure:5336: $? = 0
configure:5336: result: yes
configure:5350: checking for uint64_t
configure:5350: gcc -c -g -O2  conftest.c >&5
configure:5350: $? = 0
configure:5350: result: yes
configure:5364: checking for uint8_t
configure:5364: gcc -c -g -O2  conftest.c >&5
configure:5364: $? = 0
configure:5364: result: yes
configure:5382: checking for stdlib.h
configure:5382: result: yes
configure:5392: checking for GNU libc compatible malloc
configure:5416: gcc -o conftest -g -O2   conftest.c  >&5
configure:5416: $? = 0
configure:5416: ./conftest
configure:5416: $? = 0
configure:5426: result: yes
configure:5450: checking for atexit
configure:5450: gcc -o conftest -g -O2   conftest.c  >&5
configure:5450: $? = 0
configure:5450: result: yes
configure:5450: checking for gettimeofday
configure:5450: gcc -o conftest -g -O2   conftest.c  >&5
configure:5450: $? = 0
configure:5450: result: yes
configure:5450: checking for memset
configure:5450: gcc -o conftest -g -O2   conftest.c  >&5
conftest.c:57:6: warning: conflicting types for built-in function 'memset' [-Wbuiltin-declaration-mismatch]
 char memset ();
      ^~~~~~
configure:5450: $? = 0
configure:5450: result: yes
configure:5450: checking for select
configure:5450: gcc -o conftest -g -O2   conftest.c  >&5
configure:5450: $? = 0
configure:5450: result: yes
configure:5460: checking for sqrt in -lm
configure:5485: gcc -o conftest -g -O2   conftest.c -lm   >&5
conftest.c:43:6: warning: conflicting types for built-in function 'sqrt' [-Wbuiltin-declaration-mismatch]
 char sqrt ();
      ^~~~
configure:5485: $? = 0
configure:5494: result: yes
configure:5510: checking for pthread_mutex_init in -lpthread
configure:5535: gcc -o conftest -g -O2   conftest.c -lpthread  -lm  >&5
configure:5535: $? = 0
configure:5544: result: yes
configure:5560: checking for malloc in -lc
configure:5585: gcc -o conftest -g -O2   conftest.c -lc  -lpthread -lm  >&5
conftest.c:45:6: warning: conflicting types for built-in function 'malloc' [-Wbuiltin-declaration-mismatch]
 char malloc ();
      ^~~~~~
configure:5585: $? = 0
configure:5594: result: yes
configure:5610: checking for CAEN_DGTZ_SetDPP_PHA_VirtualProbe in -lCAENDigitizer
configure:5635: gcc -o conftest -g -O2   conftest.c -lCAENDigitizer  -lc -lpthread -lm  >&5
configure:5635: $? = 0
configure:5644: result: yes
configure:5662: checking for java
configure:5678: found /usr/bin/java
configure:5690: result: yes
configure:5703: checking for gnuplot
configure:5719: found /usr/bin/gnuplot
configure:5731: result: yes
configure:5861: creating ./config.status

## ---------------------- ##
## Running config.status. ##
## ---------------------- ##

This file was extended by DPP-PHA_ControlSoftware config.status 1.2.3, which was
generated by GNU Autoconf 2.65.  Invocation command line was

  CONFIG_FILES    = 
  CONFIG_HEADERS  = 
  CONFIG_LINKS    = 
  CONFIG_COMMANDS = 
  $ ./config.status 

on NUC-XRF-2

config.status:873: creating Makefile
config.status:873: creating src/Makefile
config.status:873: creating GUI/Makefile
config.status:873: creating config.h
config.status:1045: config.h is unchanged
config.status:1093: executing depfiles commands

## ---------------- ##
## Cache variables. ##
## ---------------- ##

ac_cv_c_compiler_gnu=yes
ac_cv_c_int16_t=yes
ac_cv_c_int32_t=yes
ac_cv_c_int8_t=yes
ac_cv_c_uint16_t=yes
ac_cv_c_uint32_t=yes
ac_cv_c_uint64_t=yes
ac_cv_c_uint8_t=yes
ac_cv_env_CC_set=
ac_cv_env_CC_value=
ac_cv_env_CFLAGS_set=
ac_cv_env_CFLAGS_value=
ac_cv_env_CPPFLAGS_set=
ac_cv_env_CPPFLAGS_value=
ac_cv_env_CPP_set=
ac_cv_env_CPP_value=
ac_cv_env_LDFLAGS_set=
ac_cv_env_LDFLAGS_value=
ac_cv_env_LIBS_set=
ac_cv_env_LIBS_value=
ac_cv_env_build_alias_set=
ac_cv_env_build_alias_value=
ac_cv_env_host_alias_set=
ac_cv_env_host_alias_value=
ac_cv_env_target_alias_set=
ac_cv_env_target_alias_value=
ac_cv_func_atexit=yes
ac_cv_func_gettimeofday=yes
ac_cv_func_malloc_0_nonnull=yes
ac_cv_func_memset=yes
ac_cv_func_select=yes
ac_cv_header_CAENDigitizer_h=yes
ac_cv_header_inttypes_h=yes
ac_cv_header_math_h=yes
ac_cv_header_memory_h=yes
ac_cv_header_stdc=yes
ac_cv_header_stdint_h=yes
ac_cv_header_stdlib_h=yes
ac_cv_header_string_h=yes
ac_cv_header_strings_h=yes
ac_cv_header_sys_stat_h=yes
ac_cv_header_sys_time_h=yes
ac_cv_header_sys_timeb_h=yes
ac_cv_header_sys_types_h=yes
ac_cv_header_termios_h=yes
ac_cv_header_unistd_h=yes
ac_cv_lib_CAENDigitizer_CAEN_DGTZ_SetDPP_PHA_VirtualProbe=yes
ac_cv_lib_c_malloc=yes
ac_cv_lib_m_sqrt=yes
ac_cv_lib_pthread_pthread_mutex_init=yes
ac_cv_objext=o
ac_cv_path_EGREP='/usr/bin/grep -E'
ac_cv_path_GREP=/usr/bin/grep
ac_cv_path_install='/usr/bin/install -c'
ac_cv_path_mkdir=/usr/bin/mkdir
ac_cv_prog_AWK=gawk
ac_cv_prog_CPP='gcc -E'
ac_cv_prog_HAVE_GNUPLOT=yes
ac_cv_prog_HAVE_JAVA=yes
ac_cv_prog_ac_ct_CC=gcc
ac_cv_prog_cc_c89=
ac_cv_prog_cc_g=yes
ac_cv_prog_make_make_set=yes
am_cv_CC_dependencies_compiler_type=gcc3

## ----------------- ##
## Output variables. ##
## ----------------- ##

ACLOCAL='${SHELL} /home/frao/XRF_Spectrometer/DPPDrivers/DPP-PHA_ControlSoftware-1.2.3/missing --run aclocal-1.11'
AMDEPBACKSLASH='\'
AMDEP_FALSE='#'
AMDEP_TRUE=''
AMTAR='${SHELL} /home/frao/XRF_Spectrometer/DPPDrivers/DPP-PHA_ControlSoftware-1.2.3/missing --run tar'
AUTOCONF='${SHELL} /home/frao/XRF_Spectrometer/DPPDrivers/DPP-PHA_ControlSoftware-1.2.3/missing --run autoconf'
AUTOHEADER='${SHELL} /home/frao/XRF_Spectrometer/DPPDrivers/DPP-PHA_ControlSoftware-1.2.3/missing --run autoheader'
AUTOMAKE='${SHELL} /home/frao/XRF_Spectrometer/DPPDrivers/DPP-PHA_ControlSoftware-1.2.3/missing --run automake-1.11'
AWK='gawk'
CC='gcc'
CCDEPMODE='depmode=gcc3'
CFLAGS='-g -O2'
CPP='gcc -E'
CPPFLAGS=''
CYGPATH_W='echo'
DEFS='-DHAVE_CONFIG_H'
DEPDIR='.deps'
ECHO_C=''
ECHO_N='-n'
ECHO_T=''
EGREP='/usr/bin/grep -E'
EXEEXT=''
GREP='/usr/bin/grep'
HAVE_GNUPLOT='yes'
HAVE_JAVA='yes'
INSTALL_DATA='${INSTALL} -m 644'
INSTALL_PROGRAM='${INSTALL}'
INSTALL_SCRIPT='${INSTALL}'
INSTALL_STRIP_PROGRAM='$(install_sh) -c -s'
LDFLAGS=''
LIBOBJS=''
LIBS='-lCAENDigitizer -lc -lpthread -lm '
LTLIBOBJS=''
MAKEINFO='${SHELL} /home/frao/XRF_Spectrometer/DPPDrivers/DPP-PHA_ControlSoftware-1.2.3/missing --run makeinfo'
MKDIR_P='/usr/bin/mkdir -p'
OBJEXT='o'
PACKAGE='DPP-PHA_ControlSoftware'
PACKAGE_BUGREPORT=''
PACKAGE_NAME='DPP-PHA_ControlSoftware'
PACKAGE_STRING='DPP-PHA_ControlSoftware 1.2.3'
PACKAGE_TARNAME='dpp-pha_controlsoftware'
PACKAGE_URL=''
PACKAGE_VERSION='1.2.3'
PATH_SEPARATOR=':'
SET_MAKE=''
SHELL='/bin/sh'
STRIP=''
VERSION='1.2.3'
ac_ct_CC='gcc'
am__EXEEXT_FALSE=''
am__EXEEXT_TRUE='#'
am__fastdepCC_FALSE='#'
am__fastdepCC_TRUE=''
am__include='include'
am__isrc=''
am__leading_dot='.'
am__quote=''
am__tar='${AMTAR} chof - "$$tardir"'
am__untar='${AMTAR} xf -'
bindir='${exec_prefix}/bin'
build_alias=''
datadir='${datarootdir}'
datarootdir='${prefix}/share'
docdir='${datarootdir}/doc/${PACKAGE_TARNAME}'
dvidir='${docdir}'
exec_prefix='${prefix}'
host_alias=''
htmldir='${docdir}'
includedir='${prefix}/include'
infodir='${datarootdir}/info'
install_sh='${SHELL} /home/frao/XRF_Spectrometer/DPPDrivers/DPP-PHA_ControlSoftware-1.2.3/install-sh'
libdir='${exec_prefix}/lib'
libexecdir='${exec_prefix}/libexec'
localedir='${datarootdir}/locale'
localstatedir='${prefix}/var'
mandir='${datarootdir}/man'
mkdir_p='/usr/bin/mkdir -p'
oldincludedir='/usr/include'
pdfdir='${docdir}'
prefix='/usr/local'
program_transform_name='s,x,x,'
psdir='${docdir}'
sbindir='${exec_prefix}/sbin'
sharedstatedir='${prefix}/com'
sysconfdir='${prefix}/etc'
target_alias=''

## ----------- ##
## confdefs.h. ##
## ----------- ##

/* confdefs.h */
#define PACKAGE_NAME "DPP-PHA_ControlSoftware"
#define PACKAGE_TARNAME "dpp-pha_controlsoftware"
#define PACKAGE_VERSION "1.2.3"
#define PACKAGE_STRING "DPP-PHA_ControlSoftware 1.2.3"
#define PACKAGE_BUGREPORT ""
#define PACKAGE_URL ""
#define PACKAGE "DPP-PHA_ControlSoftware"
#define VERSION "1.2.3"
#define STDC_HEADERS 1
#define HAVE_SYS_TYPES_H 1
#define HAVE_SYS_STAT_H 1
#define HAVE_STDLIB_H 1
#define HAVE_STRING_H 1
#define HAVE_MEMORY_H 1
#define HAVE_STRINGS_H 1
#define HAVE_INTTYPES_H 1
#define HAVE_STDINT_H 1
#define HAVE_UNISTD_H 1
#define HAVE_MATH_H 1
#define HAVE_STDINT_H 1
#define HAVE_STDLIB_H 1
#define HAVE_STRING_H 1
#define HAVE_SYS_TIME_H 1
#define HAVE_SYS_TIMEB_H 1
#define HAVE_TERMIOS_H 1
#define HAVE_UNISTD_H 1
#define HAVE_CAENDIGITIZER_H 1
#define HAVE_STDLIB_H 1
#define HAVE_MALLOC 1
#define HAVE_ATEXIT 1
#define HAVE_GETTIMEOFDAY 1
#define HAVE_MEMSET 1
#define HAVE_SELECT 1
#define HAVE_LIBM 1
#define HAVE_LIBPTHREAD 1
#define HAVE_LIBC 1
#define HAVE_LIBCAENDIGITIZER 1

configure: exit 0
