This file contains any messages produced by compilers while
running configure, to aid debugging if configure makes a mistake.

It was created by DPP-PHA_ControlSoftware configure 1.2.3, which was
generated by GNU Autoconf 2.65.  Invocation command line was

  $ ./configure 

## --------- ##
## Platform. ##
## --------- ##

hostname = localhost.localdomain
uname -m = x86_64
uname -r = 5.1.6-300.fc30.x86_64
uname -s = Linux
uname -v = #1 SMP Fri May 31 17:43:23 UTC 2019

/usr/bin/uname -p = x86_64
/bin/uname -X     = unknown

/bin/arch              = x86_64
/usr/bin/arch -k       = unknown
/usr/convex/getsysinfo = unknown
/usr/bin/hostinfo      = unknown
/bin/machine           = unknown
/usr/bin/oslevel       = unknown
/bin/universe          = unknown

PATH: /home/frao/.local/bin
PATH: /home/frao/bin
PATH: /usr/share/Modules/bin
PATH: /usr/local/bin
PATH: /usr/local/sbin
PATH: /usr/bin
PATH: /usr/sbin


## ----------- ##
## Core tests. ##
## ----------- ##

configure:2265: checking for a BSD-compatible install
configure:2333: result: /usr/bin/install -c
configure:2344: checking whether build environment is sane
configure:2394: result: yes
configure:2535: checking for a thread-safe mkdir -p
configure:2574: result: /usr/bin/mkdir -p
configure:2587: checking for gawk
configure:2603: found /usr/bin/gawk
configure:2614: result: gawk
configure:2625: checking whether make sets $(MAKE)
configure:2647: result: yes
configure:2860: creating ./config.status

## ---------------------- ##
## Running config.status. ##
## ---------------------- ##

This file was extended by DPP-PHA_ControlSoftware config.status 1.2.3, which was
generated by GNU Autoconf 2.65.  Invocation command line was

  CONFIG_FILES    = 
  CONFIG_HEADERS  = 
  CONFIG_LINKS    = 
  CONFIG_COMMANDS = 
  $ ./config.status 

on localhost.localdomain

config.status:762: creating Makefile
config.status:762: creating src/Makefile
config.status:762: creating GUI/Makefile
configure:3928: checking for gcc
configure:3944: found /usr/bin/gcc
configure:3955: result: gcc
configure:4184: checking for C compiler version
configure:4193: gcc --version >&5
gcc (GCC) 9.1.1 20190503 (Red Hat 9.1.1-1)
Copyright (C) 2019 Free Software Foundation, Inc.
This is free software; see the source for copying conditions.  There is NO
warranty; not even for MERCHANTABILITY or FITNESS FOR A PARTICULAR PURPOSE.

configure:4204: $? = 0
configure:4193: gcc -v >&5
Using built-in specs.
COLLECT_GCC=gcc
COLLECT_LTO_WRAPPER=/usr/libexec/gcc/x86_64-redhat-linux/9/lto-wrapper
OFFLOAD_TARGET_NAMES=nvptx-none
OFFLOAD_TARGET_DEFAULT=1
Target: x86_64-redhat-linux
Configured with: ../configure --enable-bootstrap --enable-languages=c,c++,fortran,objc,obj-c++,ada,go,d,lto --prefix=/usr --mandir=/usr/share/man --infodir=/usr/share/info --with-bugurl=http://bugzilla.redhat.com/bugzilla --enable-shared --enable-threads=posix --enable-checking=release --enable-multilib --with-system-zlib --enable-__cxa_atexit --disable-libunwind-exceptions --enable-gnu-unique-object --enable-linker-build-id --with-gcc-major-version-only --with-linker-hash-style=gnu --enable-plugin --enable-initfini-array --with-isl --enable-offload-targets=nvptx-none --without-cuda-driver --enable-gnu-indirect-function --enable-cet --with-tune=generic --with-arch_32=i686 --build=x86_64-redhat-linux
Thread model: posix
gcc version 9.1.1 20190503 (Red Hat 9.1.1-1) (GCC) 
configure:4204: $? = 0
configure:4193: gcc -V >&5
gcc: error: unrecognized command line option '-V'
gcc: fatal error: no input files
compilation terminated.
configure:4204: $? = 1
configure:4193: gcc -qversion >&5
gcc: error: unrecognized command line option '-qversion'; did you mean '--version'?
gcc: fatal error: no input files
compilation terminated.
configure:4204: $? = 1
configure:4224: checking whether the C compiler works
configure:4246: gcc    conftest.c  >&5
configure:4250: $? = 0
configure:4299: result: yes
configure:4302: checking for C compiler default output file name
configure:4304: result: a.out
configure:4310: checking for suffix of executables
configure:4317: gcc -o conftest    conftest.c  >&5
configure:4321: $? = 0
configure:4343: result: 
configure:4365: checking whether we are cross compiling
configure:4373: gcc -o conftest    conftest.c  >&5
configure:4377: $? = 0
configure:4384: ./conftest
configure:4388: $? = 0
configure:4376: result: no
configure:4381: checking for suffix of object files
configure:4403: gcc -c   conftest.c >&5
configure:4407: $? = 0
configure:4428: result: o
configure:4432: checking whether we are using the GNU C compiler
configure:4451: gcc -c   conftest.c >&5
configure:4451: $? = 0
configure:4460: result: yes
configure:4469: checking whether gcc accepts -g
configure:4489: gcc -c -g  conftest.c >&5
configure:4489: $? = 0
configure:4530: result: yes
configure:4547: checking for gcc option to accept ISO C89
configure:4611: gcc  -c -g -O2  conftest.c >&5
configure:4611: $? = 0
configure:4624: result: none needed
configure:4655: checking for style of include used by make
configure:4683: result: GNU
configure:4708: checking dependency style of gcc
configure:4818: result: gcc3
configure:4843: checking how to run the C preprocessor
configure:4874: gcc -E  conftest.c
configure:4874: $? = 0
configure:4888: gcc -E  conftest.c
conftest.c:11:10: fatal error: ac_nonexistent.h: No such file or directory
   11 | #include <ac_nonexistent.h>
      |          ^~~~~~~~~~~~~~~~~~
compilation terminated.
configure:4888: $? = 1
configure: failed program was:
| /* confdefs.h */
| #define PACKAGE_NAME "DPP-PHA_ControlSoftware"
| #define PACKAGE_TARNAME "dpp-pha_controlsoftware"
| #define PACKAGE_VERSION "1.2.3"
| #define PACKAGE_STRING "DPP-PHA_ControlSoftware 1.2.3"
| #define PACKAGE_BUGREPORT ""
| #define PACKAGE_URL ""
| #define PACKAGE "DPP-PHA_ControlSoftware"
| #define VERSION "1.2.3"
| /* end confdefs.h.  */
| #include <ac_nonexistent.h>
configure:4913: result: gcc -E
configure:4933: gcc -E  conftest.c
configure:4933: $? = 0
configure:4947: gcc -E  conftest.c
conftest.c:11:10: fatal error: ac_nonexistent.h: No such file or directory
   11 | #include <ac_nonexistent.h>
      |          ^~~~~~~~~~~~~~~~~~
compilation terminated.
configure:4947: $? = 1
configure: failed program was:
| /* confdefs.h */
| #define PACKAGE_NAME "DPP-PHA_ControlSoftware"
| #define PACKAGE_TARNAME "dpp-pha_controlsoftware"
| #define PACKAGE_VERSION "1.2.3"
| #define PACKAGE_STRING "DPP-PHA_ControlSoftware 1.2.3"
| #define PACKAGE_BUGREPORT ""
| #define PACKAGE_URL ""
| #define PACKAGE "DPP-PHA_ControlSoftware"
| #define VERSION "1.2.3"
| /* end confdefs.h.  */
| #include <ac_nonexistent.h>
configure:4976: checking for grep that handles long lines and -e
configure:5034: result: /usr/bin/grep
configure:5039: checking for egrep
configure:5101: result: /usr/bin/grep -E
configure:5106: checking for ANSI C header files
configure:5126: gcc -c -g -O2  conftest.c >&5
configure:5126: $? = 0
configure:5199: gcc -o conftest -g -O2   conftest.c  >&5
configure:5199: $? = 0
configure:5199: ./conftest
configure:5199: $? = 0
configure:5210: result: yes
configure:5223: checking for sys/types.h
configure:5223: gcc -c -g -O2  conftest.c >&5
configure:5223: $? = 0
configure:5223: result: yes
configure:5223: checking for sys/stat.h
configure:5223: gcc -c -g -O2  conftest.c >&5
configure:5223: $? = 0
configure:5223: result: yes
configure:5223: checking for stdlib.h
configure:5223: gcc -c -g -O2  conftest.c >&5
configure:5223: $? = 0
configure:5223: result: yes
configure:5223: checking for string.h
configure:5223: gcc -c -g -O2  conftest.c >&5
configure:5223: $? = 0
configure:5223: result: yes
configure:5223: checking for memory.h
configure:5223: gcc -c -g -O2  conftest.c >&5
configure:5223: $? = 0
configure:5223: result: yes
configure:5223: checking for strings.h
configure:5223: gcc -c -g -O2  conftest.c >&5
configure:5223: $? = 0
configure:5223: result: yes
configure:5223: checking for inttypes.h
configure:5223: gcc -c -g -O2  conftest.c >&5
configure:5223: $? = 0
configure:5223: result: yes
configure:5223: checking for stdint.h
configure:5223: gcc -c -g -O2  conftest.c >&5
configure:5223: $? = 0
configure:5223: result: yes
configure:5223: checking for unistd.h
configure:5223: gcc -c -g -O2  conftest.c >&5
configure:5223: $? = 0
configure:5223: result: yes
configure:5239: checking math.h usability
configure:5239: gcc -c -g -O2  conftest.c >&5
configure:5239: $? = 0
configure:5239: result: yes
configure:5239: checking math.h presence
configure:5239: gcc -E  conftest.c
configure:5239: $? = 0
configure:5239: result: yes
configure:5239: checking for math.h
configure:5239: result: yes
configure:5239: checking for stdint.h
configure:5239: result: yes
configure:5239: checking for stdlib.h
configure:5239: result: yes
configure:5239: checking for string.h
configure:5239: result: yes
configure:5239: checking sys/time.h usability
configure:5239: gcc -c -g -O2  conftest.c >&5
configure:5239: $? = 0
configure:5239: result: yes
configure:5239: checking sys/time.h presence
configure:5239: gcc -E  conftest.c
configure:5239: $? = 0
configure:5239: result: yes
configure:5239: checking for sys/time.h
configure:5239: result: yes
configure:5239: checking sys/timeb.h usability
configure:5239: gcc -c -g -O2  conftest.c >&5
configure:5239: $? = 0
configure:5239: result: yes
configure:5239: checking sys/timeb.h presence
configure:5239: gcc -E  conftest.c
configure:5239: $? = 0
configure:5239: result: yes
configure:5239: checking for sys/timeb.h
configure:5239: result: yes
configure:5239: checking termios.h usability
configure:5239: gcc -c -g -O2  conftest.c >&5
configure:5239: $? = 0
configure:5239: result: yes
configure:5239: checking termios.h presence
configure:5239: gcc -E  conftest.c
configure:5239: $? = 0
configure:5239: result: yes
configure:5239: checking for termios.h
configure:5239: result: yes
configure:5239: checking for unistd.h
configure:5239: result: yes
configure:5239: checking CAENDigitizer.h usability
configure:5239: gcc -c -g -O2  conftest.c >&5
configure:5239: $? = 0
configure:5239: result: yes
configure:5239: checking CAENDigitizer.h presence
configure:5239: gcc -E  conftest.c
configure:5239: $? = 0
configure:5239: result: yes
configure:5239: checking for CAENDigitizer.h
configure:5239: result: yes
configure:5252: checking for int16_t
configure:5252: gcc -c -g -O2  conftest.c >&5
configure:5252: $? = 0
configure:5252: gcc -c -g -O2  conftest.c >&5
conftest.c: In function 'main':
conftest.c:67:12: error: size of array 'test_array' is negative
   67 | static int test_array [1 - 2 * !((int16_t) (((((int16_t) 1 << N) << N) - 1) * 2 + 1)
      |            ^~~~~~~~~~
configure:5252: $? = 1
configure: failed program was:
| /* confdefs.h */
| #define PACKAGE_NAME "DPP-PHA_ControlSoftware"
| #define PACKAGE_TARNAME "dpp-pha_controlsoftware"
| #define PACKAGE_VERSION "1.2.3"
| #define PACKAGE_STRING "DPP-PHA_ControlSoftware 1.2.3"
| #define PACKAGE_BUGREPORT ""
| #define PACKAGE_URL ""
| #define PACKAGE "DPP-PHA_ControlSoftware"
| #define VERSION "1.2.3"
| #define STDC_HEADERS 1
| #define HAVE_SYS_TYPES_H 1
| #define HAVE_SYS_STAT_H 1
| #define HAVE_STDLIB_H 1
| #define HAVE_STRING_H 1
| #define HAVE_MEMORY_H 1
| #define HAVE_STRINGS_H 1
| #define HAVE_INTTYPES_H 1
| #define HAVE_STDINT_H 1
| #define HAVE_UNISTD_H 1
| #define HAVE_MATH_H 1
| #define HAVE_STDINT_H 1
| #define HAVE_STDLIB_H 1
| #define HAVE_STRING_H 1
| #define HAVE_SYS_TIME_H 1
| #define HAVE_SYS_TIMEB_H 1
| #define HAVE_TERMIOS_H 1
| #define HAVE_UNISTD_H 1
| #define HAVE_CAENDIGITIZER_H 1
| /* end confdefs.h.  */
| #include <stdio.h>
| #ifdef HAVE_SYS_TYPES_H
| # include <sys/types.h>
| #endif
| #ifdef HAVE_SYS_STAT_H
| # include <sys/stat.h>
| #endif
| #ifdef STDC_HEADERS
| # include <stdlib.h>
| # include <stddef.h>
| #else
| # ifdef HAVE_STDLIB_H
| #  include <stdlib.h>
| # endif
| #endif
| #ifdef HAVE_STRING_H
| # if !defined STDC_HEADERS && defined HAVE_MEMORY_H
| #  include <memory.h>
| # endif
| # include <string.h>
| #endif
| #ifdef HAVE_STRINGS_H
| # include <strings.h>
| #endif
| #ifdef HAVE_INTTYPES_H
| # include <inttypes.h>
| #endif
| #ifdef HAVE_STDINT_H
| # include <stdint.h>
| #endif
| #ifdef HAVE_UNISTD_H
| # include <unistd.h>
| #endif
| 	        enum { N = 16 / 2 - 1 };
| int
| main ()
| {
| static int test_array [1 - 2 * !((int16_t) (((((int16_t) 1 << N) << N) - 1) * 2 + 1)
| 		 < (int16_t) (((((int16_t) 1 << N) << N) - 1) * 2 + 2))];
| test_array [0] = 0
| 
|   ;
|   return 0;
| }
configure:5252: result: yes
configure:5263: checking for int32_t
configure:5263: gcc -c -g -O2  conftest.c >&5
configure:5263: $? = 0
configure:5263: gcc -c -g -O2  conftest.c >&5
conftest.c: In function 'main':
conftest.c:68:53: warning: integer overflow in expression of type 'int' results in '-2147483648' [-Woverflow]
   68 |    < (int32_t) (((((int32_t) 1 << N) << N) - 1) * 2 + 2))];
      |                                                     ^
conftest.c:67:12: error: storage size of 'test_array' isn't constant
   67 | static int test_array [1 - 2 * !((int32_t) (((((int32_t) 1 << N) << N) - 1) * 2 + 1)
      |            ^~~~~~~~~~
configure:5263: $? = 1
configure: failed program was:
| /* confdefs.h */
| #define PACKAGE_NAME "DPP-PHA_ControlSoftware"
| #define PACKAGE_TARNAME "dpp-pha_controlsoftware"
| #define PACKAGE_VERSION "1.2.3"
| #define PACKAGE_STRING "DPP-PHA_ControlSoftware 1.2.3"
| #define PACKAGE_BUGREPORT ""
| #define PACKAGE_URL ""
| #define PACKAGE "DPP-PHA_ControlSoftware"
| #define VERSION "1.2.3"
| #define STDC_HEADERS 1
| #define HAVE_SYS_TYPES_H 1
| #define HAVE_SYS_STAT_H 1
| #define HAVE_STDLIB_H 1
| #define HAVE_STRING_H 1
| #define HAVE_MEMORY_H 1
| #define HAVE_STRINGS_H 1
| #define HAVE_INTTYPES_H 1
| #define HAVE_STDINT_H 1
| #define HAVE_UNISTD_H 1
| #define HAVE_MATH_H 1
| #define HAVE_STDINT_H 1
| #define HAVE_STDLIB_H 1
| #define HAVE_STRING_H 1
| #define HAVE_SYS_TIME_H 1
| #define HAVE_SYS_TIMEB_H 1
| #define HAVE_TERMIOS_H 1
| #define HAVE_UNISTD_H 1
| #define HAVE_CAENDIGITIZER_H 1
| /* end confdefs.h.  */
| #include <stdio.h>
| #ifdef HAVE_SYS_TYPES_H
| # include <sys/types.h>
| #endif
| #ifdef HAVE_SYS_STAT_H
| # include <sys/stat.h>
| #endif
| #ifdef STDC_HEADERS
| # include <stdlib.h>
| # include <stddef.h>
| #else
| # ifdef HAVE_STDLIB_H
| #  include <stdlib.h>
| # endif
| #endif
| #ifdef HAVE_STRING_H
| # if !defined STDC_HEADERS && defined HAVE_MEMORY_H
| #  include <memory.h>
| # endif
| # include <string.h>
| #endif
| #ifdef HAVE_STRINGS_H
| # include <strings.h>
| #endif
| #ifdef HAVE_INTTYPES_H
| # include <inttypes.h>
| #endif
| #ifdef HAVE_STDINT_H
| # include <stdint.h>
| #endif
| #ifdef HAVE_UNISTD_H
| # include <unistd.h>
| #endif
| 	        enum { N = 32 / 2 - 1 };
| int
| main ()
| {
| static int test_array [1 - 2 * !((int32_t) (((((int32_t) 1 << N) << N) - 1) * 2 + 1)
| 		 < (int32_t) (((((int32_t) 1 << N) << N) - 1) * 2 + 2))];
| test_array [0] = 0
| 
|   ;
|   return 0;
| }
configure:5263: result: yes
configure:5274: checking for int8_t
configure:5274: gcc -c -g -O2  conftest.c >&5
configure:5274: $? = 0
configure:5274: gcc -c -g -O2  conftest.c >&5
conftest.c: In function 'main':
conftest.c:67:12: error: size of array 'test_array' is negative
   67 | static int test_array [1 - 2 * !((int8_t) (((((int8_t) 1 << N) << N) - 1) * 2 + 1)
      |            ^~~~~~~~~~
configure:5274: $? = 1
configure: failed program was:
| /* confdefs.h */
| #define PACKAGE_NAME "DPP-PHA_ControlSoftware"
| #define PACKAGE_TARNAME "dpp-pha_controlsoftware"
| #define PACKAGE_VERSION "1.2.3"
| #define PACKAGE_STRING "DPP-PHA_ControlSoftware 1.2.3"
| #define PACKAGE_BUGREPORT ""
| #define PACKAGE_URL ""
| #define PACKAGE "DPP-PHA_ControlSoftware"
| #define VERSION "1.2.3"
| #define STDC_HEADERS 1
| #define HAVE_SYS_TYPES_H 1
| #define HAVE_SYS_STAT_H 1
| #define HAVE_STDLIB_H 1
| #define HAVE_STRING_H 1
| #define HAVE_MEMORY_H 1
| #define HAVE_STRINGS_H 1
| #define HAVE_INTTYPES_H 1
| #define HAVE_STDINT_H 1
| #define HAVE_UNISTD_H 1
| #define HAVE_MATH_H 1
| #define HAVE_STDINT_H 1
| #define HAVE_STDLIB_H 1
| #define HAVE_STRING_H 1
| #define HAVE_SYS_TIME_H 1
| #define HAVE_SYS_TIMEB_H 1
| #define HAVE_TERMIOS_H 1
| #define HAVE_UNISTD_H 1
| #define HAVE_CAENDIGITIZER_H 1
| /* end confdefs.h.  */
| #include <stdio.h>
| #ifdef HAVE_SYS_TYPES_H
| # include <sys/types.h>
| #endif
| #ifdef HAVE_SYS_STAT_H
| # include <sys/stat.h>
| #endif
| #ifdef STDC_HEADERS
| # include <stdlib.h>
| # include <stddef.h>
| #else
| # ifdef HAVE_STDLIB_H
| #  include <stdlib.h>
| # endif
| #endif
| #ifdef HAVE_STRING_H
| # if !defined STDC_HEADERS && defined HAVE_MEMORY_H
| #  include <memory.h>
| # endif
| # include <string.h>
| #endif
| #ifdef HAVE_STRINGS_H
| # include <strings.h>
| #endif
| #ifdef HAVE_INTTYPES_H
| # include <inttypes.h>
| #endif
| #ifdef HAVE_STDINT_H
| # include <stdint.h>
| #endif
| #ifdef HAVE_UNISTD_H
| # include <unistd.h>
| #endif
| 	        enum { N = 8 / 2 - 1 };
| int
| main ()
| {
| static int test_array [1 - 2 * !((int8_t) (((((int8_t) 1 << N) << N) - 1) * 2 + 1)
| 		 < (int8_t) (((((int8_t) 1 << N) << N) - 1) * 2 + 2))];
| test_array [0] = 0
| 
|   ;
|   return 0;
| }
configure:5274: result: yes
configure:5285: checking for uint16_t
configure:5285: gcc -c -g -O2  conftest.c >&5
configure:5285: $? = 0
configure:5285: result: yes
configure:5297: checking for uint32_t
configure:5297: gcc -c -g -O2  conftest.c >&5
configure:5297: $? = 0
configure:5297: result: yes
configure:5311: checking for uint64_t
configure:5311: gcc -c -g -O2  conftest.c >&5
configure:5311: $? = 0
configure:5311: result: yes
configure:5325: checking for uint8_t
configure:5325: gcc -c -g -O2  conftest.c >&5
configure:5325: $? = 0
configure:5325: result: yes
configure:5343: checking for stdlib.h
configure:5343: result: yes
configure:5353: checking for GNU libc compatible malloc
configure:5377: gcc -o conftest -g -O2   conftest.c  >&5
configure:5377: $? = 0
configure:5377: ./conftest
configure:5377: $? = 0
configure:5387: result: yes
configure:5411: checking for atexit
configure:5411: gcc -o conftest -g -O2   conftest.c  >&5
configure:5411: $? = 0
configure:5411: result: yes
configure:5411: checking for gettimeofday
configure:5411: gcc -o conftest -g -O2   conftest.c  >&5
configure:5411: $? = 0
configure:5411: result: yes
configure:5411: checking for memset
configure:5411: gcc -o conftest -g -O2   conftest.c  >&5
conftest.c:57:6: warning: conflicting types for built-in function 'memset'; expected 'void *(void *, int,  long unsigned int)' [-Wbuiltin-declaration-mismatch]
   57 | char memset ();
      |      ^~~~~~
conftest.c:45:1: note: 'memset' is declared in header '<string.h>'
   44 | # include <limits.h>
   45 | #else
configure:5411: $? = 0
configure:5411: result: yes
configure:5411: checking for select
configure:5411: gcc -o conftest -g -O2   conftest.c  >&5
configure:5411: $? = 0
configure:5411: result: yes
configure:5421: checking for sqrt in -lm
configure:5446: gcc -o conftest -g -O2   conftest.c -lm   >&5
conftest.c:43:6: warning: conflicting types for built-in function 'sqrt'; expected 'double(double)' [-Wbuiltin-declaration-mismatch]
   43 | char sqrt ();
      |      ^~~~
conftest.c:1:1: note: 'sqrt' is declared in header '<math.h>'
    1 | /* confdefs.h */
configure:5446: $? = 0
configure:5455: result: yes
configure:5471: checking for pthread_mutex_init in -lpthread
configure:5496: gcc -o conftest -g -O2   conftest.c -lpthread  -lm  >&5
configure:5496: $? = 0
configure:5505: result: yes
configure:5521: checking for malloc in -lc
configure:5546: gcc -o conftest -g -O2   conftest.c -lc  -lpthread -lm  >&5
conftest.c:45:6: warning: conflicting types for built-in function 'malloc'; expected 'void *(long unsigned int)' [-Wbuiltin-declaration-mismatch]
   45 | char malloc ();
      |      ^~~~~~
conftest.c:1:1: note: 'malloc' is declared in header '<stdlib.h>'
    1 | /* confdefs.h */
configure:5546: $? = 0
configure:5555: result: yes
configure:5571: checking for CAEN_DGTZ_SetDPP_PHA_VirtualProbe in -lCAENDigitizer
configure:5596: gcc -o conftest -g -O2   conftest.c -lCAENDigitizer  -lc -lpthread -lm  >&5
configure:5596: $? = 0
configure:5605: result: yes
configure:5623: checking for java
configure:5639: found /usr/bin/java
configure:5651: result: yes
configure:5664: checking for gnuplot
configure:5680: found /usr/bin/gnuplot
configure:5692: result: yes
configure:5814: creating ./config.status

## ---------------------- ##
## Running config.status. ##
## ---------------------- ##

This file was extended by DPP-PHA_ControlSoftware config.status 1.2.3, which was
generated by GNU Autoconf 2.65.  Invocation command line was

  CONFIG_FILES    = 
  CONFIG_HEADERS  = 
  CONFIG_LINKS    = 
  CONFIG_COMMANDS = 
  $ ./config.status 

on localhost.localdomain

config.status:869: creating Makefile
config.status:869: creating src/Makefile
config.status:869: creating GUI/Makefile
config.status:869: creating config.h
config.status:1041: config.h is unchanged
config.status:1089: executing depfiles commands

## ---------------- ##
## Cache variables. ##
## ---------------- ##

ac_cv_c_compiler_gnu=yes
ac_cv_c_int16_t=yes
ac_cv_c_int32_t=yes
ac_cv_c_int8_t=yes
ac_cv_c_uint16_t=yes
ac_cv_c_uint32_t=yes
ac_cv_c_uint64_t=yes
ac_cv_c_uint8_t=yes
ac_cv_env_CC_set=
ac_cv_env_CC_value=
ac_cv_env_CFLAGS_set=
ac_cv_env_CFLAGS_value=
ac_cv_env_CPPFLAGS_set=
ac_cv_env_CPPFLAGS_value=
ac_cv_env_CPP_set=
ac_cv_env_CPP_value=
ac_cv_env_LDFLAGS_set=
ac_cv_env_LDFLAGS_value=
ac_cv_env_LIBS_set=
ac_cv_env_LIBS_value=
ac_cv_env_build_alias_set=
ac_cv_env_build_alias_value=
ac_cv_env_host_alias_set=
ac_cv_env_host_alias_value=
ac_cv_env_target_alias_set=
ac_cv_env_target_alias_value=
ac_cv_func_atexit=yes
ac_cv_func_gettimeofday=yes
ac_cv_func_malloc_0_nonnull=yes
ac_cv_func_memset=yes
ac_cv_func_select=yes
ac_cv_header_CAENDigitizer_h=yes
ac_cv_header_inttypes_h=yes
ac_cv_header_math_h=yes
ac_cv_header_memory_h=yes
ac_cv_header_stdc=yes
ac_cv_header_stdint_h=yes
ac_cv_header_stdlib_h=yes
ac_cv_header_string_h=yes
ac_cv_header_strings_h=yes
ac_cv_header_sys_stat_h=yes
ac_cv_header_sys_time_h=yes
ac_cv_header_sys_timeb_h=yes
ac_cv_header_sys_types_h=yes
ac_cv_header_termios_h=yes
ac_cv_header_unistd_h=yes
ac_cv_lib_CAENDigitizer_CAEN_DGTZ_SetDPP_PHA_VirtualProbe=yes
ac_cv_lib_c_malloc=yes
ac_cv_lib_m_sqrt=yes
ac_cv_lib_pthread_pthread_mutex_init=yes
ac_cv_objext=o
ac_cv_path_EGREP='/usr/bin/grep -E'
ac_cv_path_GREP=/usr/bin/grep
ac_cv_path_install='/usr/bin/install -c'
ac_cv_path_mkdir=/usr/bin/mkdir
ac_cv_prog_AWK=gawk
ac_cv_prog_CPP='gcc -E'
ac_cv_prog_HAVE_GNUPLOT=yes
ac_cv_prog_HAVE_JAVA=yes
ac_cv_prog_ac_ct_CC=gcc
ac_cv_prog_cc_c89=
ac_cv_prog_cc_g=yes
ac_cv_prog_make_make_set=yes
am_cv_CC_dependencies_compiler_type=gcc3

## ----------------- ##
## Output variables. ##
## ----------------- ##

ACLOCAL='${SHELL} "/home/frao/Desktop/xrfmultidet/chnet-nyuad/CAEN libs/DPP-PHA_ControlSoftware-1.2.3/missing" --run aclocal-1.11'
AMDEPBACKSLASH='\'
AMDEP_FALSE='#'
AMDEP_TRUE=''
AMTAR='${SHELL} "/home/frao/Desktop/xrfmultidet/chnet-nyuad/CAEN libs/DPP-PHA_ControlSoftware-1.2.3/missing" --run tar'
AUTOCONF='${SHELL} "/home/frao/Desktop/xrfmultidet/chnet-nyuad/CAEN libs/DPP-PHA_ControlSoftware-1.2.3/missing" --run autoconf'
AUTOHEADER='${SHELL} "/home/frao/Desktop/xrfmultidet/chnet-nyuad/CAEN libs/DPP-PHA_ControlSoftware-1.2.3/missing" --run autoheader'
AUTOMAKE='${SHELL} "/home/frao/Desktop/xrfmultidet/chnet-nyuad/CAEN libs/DPP-PHA_ControlSoftware-1.2.3/missing" --run automake-1.11'
AWK='gawk'
CC='gcc'
CCDEPMODE='depmode=gcc3'
CFLAGS='-g -O2'
CPP='gcc -E'
CPPFLAGS=''
CYGPATH_W='echo'
DEFS='-DHAVE_CONFIG_H'
DEPDIR='.deps'
ECHO_C=''
ECHO_N='-n'
ECHO_T=''
EGREP='/usr/bin/grep -E'
EXEEXT=''
GREP='/usr/bin/grep'
HAVE_GNUPLOT='yes'
HAVE_JAVA='yes'
INSTALL_DATA='${INSTALL} -m 644'
INSTALL_PROGRAM='${INSTALL}'
INSTALL_SCRIPT='${INSTALL}'
INSTALL_STRIP_PROGRAM='$(install_sh) -c -s'
LDFLAGS=''
LIBOBJS=''
LIBS='-lCAENDigitizer -lc -lpthread -lm '
LTLIBOBJS=''
MAKEINFO='${SHELL} "/home/frao/Desktop/xrfmultidet/chnet-nyuad/CAEN libs/DPP-PHA_ControlSoftware-1.2.3/missing" --run makeinfo'
MKDIR_P='/usr/bin/mkdir -p'
OBJEXT='o'
PACKAGE='DPP-PHA_ControlSoftware'
PACKAGE_BUGREPORT=''
PACKAGE_NAME='DPP-PHA_ControlSoftware'
PACKAGE_STRING='DPP-PHA_ControlSoftware 1.2.3'
PACKAGE_TARNAME='dpp-pha_controlsoftware'
PACKAGE_URL=''
PACKAGE_VERSION='1.2.3'
PATH_SEPARATOR=':'
SET_MAKE=''
SHELL='/bin/sh'
STRIP=''
VERSION='1.2.3'
ac_ct_CC='gcc'
am__EXEEXT_FALSE=''
am__EXEEXT_TRUE='#'
am__fastdepCC_FALSE='#'
am__fastdepCC_TRUE=''
am__include='include'
am__isrc=''
am__leading_dot='.'
am__quote=''
am__tar='${AMTAR} chof - "$$tardir"'
am__untar='${AMTAR} xf -'
bindir='${exec_prefix}/bin'
build_alias=''
datadir='${datarootdir}'
datarootdir='${prefix}/share'
docdir='${datarootdir}/doc/${PACKAGE_TARNAME}'
dvidir='${docdir}'
exec_prefix='${prefix}'
host_alias=''
htmldir='${docdir}'
includedir='${prefix}/include'
infodir='${datarootdir}/info'
install_sh='${SHELL} '\''/home/frao/Desktop/xrfmultidet/chnet-nyuad/CAEN libs/DPP-PHA_ControlSoftware-1.2.3/install-sh'\'''
libdir='${exec_prefix}/lib'
libexecdir='${exec_prefix}/libexec'
localedir='${datarootdir}/locale'
localstatedir='${prefix}/var'
mandir='${datarootdir}/man'
mkdir_p='/usr/bin/mkdir -p'
oldincludedir='/usr/include'
pdfdir='${docdir}'
prefix='/usr/local'
program_transform_name='s,x,x,'
psdir='${docdir}'
sbindir='${exec_prefix}/sbin'
sharedstatedir='${prefix}/com'
sysconfdir='${prefix}/etc'
target_alias=''

## ----------- ##
## confdefs.h. ##
## ----------- ##

/* confdefs.h */
#define PACKAGE_NAME "DPP-PHA_ControlSoftware"
#define PACKAGE_TARNAME "dpp-pha_controlsoftware"
#define PACKAGE_VERSION "1.2.3"
#define PACKAGE_STRING "DPP-PHA_ControlSoftware 1.2.3"
#define PACKAGE_BUGREPORT ""
#define PACKAGE_URL ""
#define PACKAGE "DPP-PHA_ControlSoftware"
#define VERSION "1.2.3"
#define STDC_HEADERS 1
#define HAVE_SYS_TYPES_H 1
#define HAVE_SYS_STAT_H 1
#define HAVE_STDLIB_H 1
#define HAVE_STRING_H 1
#define HAVE_MEMORY_H 1
#define HAVE_STRINGS_H 1
#define HAVE_INTTYPES_H 1
#define HAVE_STDINT_H 1
#define HAVE_UNISTD_H 1
#define HAVE_MATH_H 1
#define HAVE_STDINT_H 1
#define HAVE_STDLIB_H 1
#define HAVE_STRING_H 1
#define HAVE_SYS_TIME_H 1
#define HAVE_SYS_TIMEB_H 1
#define HAVE_TERMIOS_H 1
#define HAVE_UNISTD_H 1
#define HAVE_CAENDIGITIZER_H 1
#define HAVE_STDLIB_H 1
#define HAVE_MALLOC 1
#define HAVE_ATEXIT 1
#define HAVE_GETTIMEOFDAY 1
#define HAVE_MEMSET 1
#define HAVE_SELECT 1
#define HAVE_LIBM 1
#define HAVE_LIBPTHREAD 1
#define HAVE_LIBC 1
#define HAVE_LIBCAENDIGITIZER 1

configure: exit 0
